
Xilinx Platform Studio
Xilinx EDK 14.7 Build EDK_P.20131013
Copyright (c) 1995-2012 Xilinx, Inc.  All rights reserved.

XPS% WARNING:EDK - Found existing XMP File
   /home/UNI-KL/voinea/github/msdlib.loopy/modules/AxiFIFO_zed/temp/edk/system.x
   mp while trying to create a new project.
   The existing xmp file will be overwritten
WARNING:EDK - Reading already existing MHS file ...
WARNING:EDK - IPNAME: processing_system7, INSTANCE: processing_system7_0 -
   Pre-Production version not verified on hardware for architecture 'zynq' -
   /home/UNI-KL/voinea/github/msdlib.loopy/modules/AxiFIFO_zed/temp/edk/system.m
   hs line 49 
0
XPS% Saved MHS file

Loading Project File..
WARNING:EDK - IPNAME: processing_system7, INSTANCE: processing_system7_0 -
   Pre-Production version not verified on hardware for architecture 'zynq' -
   /home/UNI-KL/voinea/github/msdlib.loopy/modules/AxiFIFO_zed/temp/edk/system.m
   hs line 52 
WARNING:EDK - IPNAME: processing_system7, INSTANCE: processing_system7_0 -
   Pre-Production version not verified on hardware for architecture 'zynq' -
   /home/UNI-KL/voinea/github/msdlib.loopy/modules/AxiFIFO_zed/temp/edk/system.m
   hs line 52 

Overriding IP level properties ...
INFO:EDK - IPNAME: processing_system7, INSTANCE:processing_system7_0 - tcl is
   overriding PARAMETER C_S_AXI_HP0_HIGHADDR value to 0x1FFFFFFF -
   /opt/Xilinx/14.7/ISE_DS/EDK/hw/XilinxProcessorIPLib/pcores/processing_system7
   _v4_02_a/data/processing_system7_v2_1_0.mpd line 300 
INFO:EDK - IPNAME: processing_system7, INSTANCE:processing_system7_0 - tcl is
   overriding PARAMETER C_S_AXI_HP1_HIGHADDR value to 0x1FFFFFFF -
   /opt/Xilinx/14.7/ISE_DS/EDK/hw/XilinxProcessorIPLib/pcores/processing_system7
   _v4_02_a/data/processing_system7_v2_1_0.mpd line 304 
INFO:EDK - IPNAME: processing_system7, INSTANCE:processing_system7_0 - tcl is
   overriding PARAMETER C_S_AXI_HP2_HIGHADDR value to 0x1FFFFFFF -
   /opt/Xilinx/14.7/ISE_DS/EDK/hw/XilinxProcessorIPLib/pcores/processing_system7
   _v4_02_a/data/processing_system7_v2_1_0.mpd line 308 
INFO:EDK - IPNAME: processing_system7, INSTANCE:processing_system7_0 - tcl is
   overriding PARAMETER C_S_AXI_HP3_HIGHADDR value to 0x1FFFFFFF -
   /opt/Xilinx/14.7/ISE_DS/EDK/hw/XilinxProcessorIPLib/pcores/processing_system7
   _v4_02_a/data/processing_system7_v2_1_0.mpd line 312 
INFO:EDK - IPNAME: axi_interconnect, INSTANCE:axi4lite_0 - tcl is overriding
   PARAMETER C_BASEFAMILY value to zynq -
   /opt/Xilinx/14.7/ISE_DS/EDK/hw/XilinxProcessorIPLib/pcores/axi_interconnect_v
   1_06_a/data/axi_interconnect_v2_1_0.mpd line 81 
INFO:EDK - IPNAME: axi_interconnect, INSTANCE:axi_interconnect_0 - tcl is
   overriding PARAMETER C_BASEFAMILY value to zynq -
   /opt/Xilinx/14.7/ISE_DS/EDK/hw/XilinxProcessorIPLib/pcores/axi_interconnect_v
   1_06_a/data/axi_interconnect_v2_1_0.mpd line 81 
INFO:EDK - IPNAME: axi_cdma, INSTANCE:axi_cdma_0 - tcl is overriding PARAMETER
   C_INTERCONNECT_M_AXI_WRITE_ISSUING value to 8 -
   /opt/Xilinx/14.7/ISE_DS/EDK/hw/XilinxProcessorIPLib/pcores/axi_cdma_v3_04_a/d
   ata/axi_cdma_v2_1_0.mpd line 119 
INFO:EDK - IPNAME: axi_cdma, INSTANCE:axi_cdma_0 - tcl is overriding PARAMETER
   C_INTERCONNECT_M_AXI_READ_ISSUING value to 8 -
   /opt/Xilinx/14.7/ISE_DS/EDK/hw/XilinxProcessorIPLib/pcores/axi_cdma_v3_04_a/d
   ata/axi_cdma_v2_1_0.mpd line 117 

Computing clock values...
INFO:EDK - Frequency for Top-Level Input Clock 'processing_system7_0_PS_CLK' is
   not specified. Clock DRCs will not be performed for IPs connected to that
   clock port, unless they are connected through the clock generator IP. 


Performing IP level DRCs on properties...

Running DRC Tcl procedures for OPTION IPLEVEL_DRC_PROC...
INFO:EDK - INFO: DDR Base and High address in current configuration is
   0x00000000 and 0x1FFFFFFF respectively. 
INFO:EDK - INFO: You can modify the DDR address range accessed by Programmable
   Logic through the processing_system7 AXI slave interfaces. If MicroBlaze is a
   master on processing_system7 AXI slave interfaces, please use the top half of
   the address range (Base Address = 0x10000000; High Address = 0x1FFFFFFF). For
   all other master, any subset of the DDR address can be used. See Xilinx
   Answer 47167 for more information. 
Address Map for Processor processing_system7_0
  (0x40020000-0x4002ffff) axi_cdma_0	axi4lite_0

Checking platform address map ...
Saved project XMP file
Saved Make file
0
XPS% 0
XPS% 0
XPS% ****************************************************
Creating system netlist for hardware specification..
****************************************************
platgen -p xc7z020clg484-1 -lang vhdl -intstyle default    -msg __xps/ise/xmsgprops.lst -parallel yes system.mhs

Release 14.7 - platgen Xilinx EDK 14.7 Build EDK_P.20131013
 (lin64)
Copyright (c) 1995-2013 Xilinx, Inc.  All rights reserved.


Command Line: platgen -p xc7z020clg484-1 -lang vhdl -intstyle default -msg
__xps/ise/xmsgprops.lst -parallel yes system.mhs 

WARNING:EDK - INFO:Security:50 - The XILINXD_LICENSE_FILE environment variable
   is set to '1770@sambuka:1770@sambuka:'.
   INFO:Security:53 - The LM_LICENSE_FILE environment variable is not set.
   INFO:Security:71 - If a license for part 'xc7z020' is available, it will be
   possible to use 'XPS_TDP' instead of 'XPS'.
   WARNING:Security:43 - No license file was found in the standard Xilinx
   license directory.
   WARNING:Security:44 - Since no license file was found,
          please run the Xilinx License Configuration Manager
          (xlcm or "Manage Xilinx Licenses")
          to assist in obtaining a license.
   WARNING:Security:42 - Your software subscription period has lapsed. Your
   current version of Xilinx tools will continue to function, but you no longer
   qualify for Xilinx software updates or new releases.


Parse
/home/UNI-KL/voinea/github/msdlib.loopy/modules/AxiFIFO_zed/temp/edk/system.mhs
...

Read MPD definitions ...
WARNING:EDK:4092 - IPNAME: processing_system7, INSTANCE: processing_system7_0 -
   Pre-Production version not verified on hardware for architecture 'zynq' -
   /home/UNI-KL/voinea/github/msdlib.loopy/modules/AxiFIFO_zed/temp/edk/system.m
   hs line 52 
WARNING:EDK:4092 - IPNAME: processing_system7, INSTANCE: processing_system7_0 -
   Pre-Production version not verified on hardware for architecture 'zynq' -
   /home/UNI-KL/voinea/github/msdlib.loopy/modules/AxiFIFO_zed/temp/edk/system.m
   hs line 52 

Overriding IP level properties ...
INFO:EDK:4130 - IPNAME: processing_system7, INSTANCE:processing_system7_0 - tcl
   is overriding PARAMETER C_S_AXI_HP0_HIGHADDR value to 0x1FFFFFFF -
   /opt/Xilinx/14.7/ISE_DS/EDK/hw/XilinxProcessorIPLib/pcores/processing_system7
   _v4_02_a/data/processing_system7_v2_1_0.mpd line 300 
INFO:EDK:4130 - IPNAME: processing_system7, INSTANCE:processing_system7_0 - tcl
   is overriding PARAMETER C_S_AXI_HP1_HIGHADDR value to 0x1FFFFFFF -
   /opt/Xilinx/14.7/ISE_DS/EDK/hw/XilinxProcessorIPLib/pcores/processing_system7
   _v4_02_a/data/processing_system7_v2_1_0.mpd line 304 
INFO:EDK:4130 - IPNAME: processing_system7, INSTANCE:processing_system7_0 - tcl
   is overriding PARAMETER C_S_AXI_HP2_HIGHADDR value to 0x1FFFFFFF -
   /opt/Xilinx/14.7/ISE_DS/EDK/hw/XilinxProcessorIPLib/pcores/processing_system7
   _v4_02_a/data/processing_system7_v2_1_0.mpd line 308 
INFO:EDK:4130 - IPNAME: processing_system7, INSTANCE:processing_system7_0 - tcl
   is overriding PARAMETER C_S_AXI_HP3_HIGHADDR value to 0x1FFFFFFF -
   /opt/Xilinx/14.7/ISE_DS/EDK/hw/XilinxProcessorIPLib/pcores/processing_system7
   _v4_02_a/data/processing_system7_v2_1_0.mpd line 312 
INFO:EDK:4130 - IPNAME: axi_interconnect, INSTANCE:axi4lite_0 - tcl is
   overriding PARAMETER C_BASEFAMILY value to zynq -
   /opt/Xilinx/14.7/ISE_DS/EDK/hw/XilinxProcessorIPLib/pcores/axi_interconnect_v
   1_06_a/data/axi_interconnect_v2_1_0.mpd line 81 
INFO:EDK:4130 - IPNAME: axi_interconnect, INSTANCE:axi_interconnect_0 - tcl is
   overriding PARAMETER C_BASEFAMILY value to zynq -
   /opt/Xilinx/14.7/ISE_DS/EDK/hw/XilinxProcessorIPLib/pcores/axi_interconnect_v
   1_06_a/data/axi_interconnect_v2_1_0.mpd line 81 
INFO:EDK:4130 - IPNAME: axi_cdma, INSTANCE:axi_cdma_0 - tcl is overriding
   PARAMETER C_INTERCONNECT_M_AXI_WRITE_ISSUING value to 8 -
   /opt/Xilinx/14.7/ISE_DS/EDK/hw/XilinxProcessorIPLib/pcores/axi_cdma_v3_04_a/d
   ata/axi_cdma_v2_1_0.mpd line 119 
INFO:EDK:4130 - IPNAME: axi_cdma, INSTANCE:axi_cdma_0 - tcl is overriding
   PARAMETER C_INTERCONNECT_M_AXI_READ_ISSUING value to 8 -
   /opt/Xilinx/14.7/ISE_DS/EDK/hw/XilinxProcessorIPLib/pcores/axi_cdma_v3_04_a/d
   ata/axi_cdma_v2_1_0.mpd line 117 

Computing clock values...
INFO:EDK:1432 - Frequency for Top-Level Input Clock
   'processing_system7_0_PS_CLK' is not specified. Clock DRCs will not be
   performed for IPs connected to that clock port, unless they are connected
   through the clock generator IP. 


Performing IP level DRCs on properties...

Running DRC Tcl procedures for OPTION IPLEVEL_DRC_PROC...
INFO:EDK - INFO: DDR Base and High address in current configuration is
   0x00000000 and 0x1FFFFFFF respectively. 
INFO:EDK - INFO: You can modify the DDR address range accessed by Programmable
   Logic through the processing_system7 AXI slave interfaces. If MicroBlaze is a
   master on processing_system7 AXI slave interfaces, please use the top half of
   the address range (Base Address = 0x10000000; High Address = 0x1FFFFFFF). For
   all other master, any subset of the DDR address can be used. See Xilinx
   Answer 47167 for more information. 
Address Map for Processor processing_system7_0
  (0x40020000-0x4002ffff) axi_cdma_0	axi4lite_0

Checking platform address map ...

Checking platform configuration ...
IPNAME: axi_interconnect, INSTANCE: axi4lite_0 - 1 master(s) : 1 slave(s) 
IPNAME: axi_interconnect, INSTANCE: axi_interconnect_0 - 1 master(s) : 2
slave(s) 
WARNING:EDK:3977 - AXI4LITE protocol type BUSIF: S_AXI of IPINSTANCE:
   axi_fifo_mm_s_0  connected with AXI4 type BUSIF: M_AXI of IPINSTANCE:
   axi_cdma_0.

Checking port drivers...
WARNING:EDK:4180 - PORT: AXI_STR_TXD_ACLK, CONNECTOR: M0_AXIS_ACLK - No driver
   found. Port will be driven to VCC -
   /opt/Xilinx/14.7/ISE_DS/EDK/hw/XilinxProcessorIPLib/pcores/axi_fifo_mm_s_v3_0
   0_a/data/axi_fifo_mm_s_v2_1_0.mpd line 166 
WARNING:EDK:4180 - PORT: AXI_STR_RXD_ACLK, CONNECTOR: S0_AXIS_ACLK - No driver
   found. Port will be driven to VCC -
   /opt/Xilinx/14.7/ISE_DS/EDK/hw/XilinxProcessorIPLib/pcores/axi_fifo_mm_s_v3_0
   0_a/data/axi_fifo_mm_s_v2_1_0.mpd line 174 
WARNING:EDK:4180 - PORT: AXI_STR_RXD_TKEEP, CONNECTOR: S0_AXIS_TKEEP - No driver
   found. Port will be driven to GND -
   /opt/Xilinx/14.7/ISE_DS/EDK/hw/XilinxProcessorIPLib/pcores/axi_fifo_mm_s_v3_0
   0_a/data/axi_fifo_mm_s_v2_1_0.mpd line 179 
WARNING:EDK:4180 - PORT: AXI_STR_RXD_TDEST, CONNECTOR: S0_AXIS_TDEST - No driver
   found. Port will be driven to GND -
   /opt/Xilinx/14.7/ISE_DS/EDK/hw/XilinxProcessorIPLib/pcores/axi_fifo_mm_s_v3_0
   0_a/data/axi_fifo_mm_s_v2_1_0.mpd line 180 
WARNING:EDK:4181 - PORT: mm2s_prmry_reset_out_n, CONNECTOR: M0_AXIS_ARESETN -
   floating connection -
   /opt/Xilinx/14.7/ISE_DS/EDK/hw/XilinxProcessorIPLib/pcores/axi_fifo_mm_s_v3_0
   0_a/data/axi_fifo_mm_s_v2_1_0.mpd line 167 
WARNING:EDK:4181 - PORT: AXI_STR_TXD_TKEEP, CONNECTOR: M0_AXIS_TKEEP - floating
   connection -
   /opt/Xilinx/14.7/ISE_DS/EDK/hw/XilinxProcessorIPLib/pcores/axi_fifo_mm_s_v3_0
   0_a/data/axi_fifo_mm_s_v2_1_0.mpd line 171 
WARNING:EDK:4181 - PORT: AXI_STR_TXD_TDEST, CONNECTOR: M0_AXIS_TDEST - floating
   connection -
   /opt/Xilinx/14.7/ISE_DS/EDK/hw/XilinxProcessorIPLib/pcores/axi_fifo_mm_s_v3_0
   0_a/data/axi_fifo_mm_s_v2_1_0.mpd line 172 
WARNING:EDK:4181 - PORT: s2mm_prmry_reset_out_n, CONNECTOR: S0_AXIS_ARESETN -
   floating connection -
   /opt/Xilinx/14.7/ISE_DS/EDK/hw/XilinxProcessorIPLib/pcores/axi_fifo_mm_s_v3_0
   0_a/data/axi_fifo_mm_s_v2_1_0.mpd line 175 
WARNING:EDK:4181 - PORT: cdma_introut, CONNECTOR: axi_cdma_0_cdma_introut -
   floating connection -
   /home/UNI-KL/voinea/github/msdlib.loopy/modules/AxiFIFO_zed/temp/edk/system.m
   hs line 171 

Performing Clock DRCs...

Performing Reset DRCs...

Overriding system level properties...
INFO:EDK:4130 - IPNAME: processing_system7, INSTANCE:processing_system7_0 - tcl
   is overriding PARAMETER C_FCLK_CLK1_BUF value to FALSE -
   /opt/Xilinx/14.7/ISE_DS/EDK/hw/XilinxProcessorIPLib/pcores/processing_system7
   _v4_02_a/data/processing_system7_v2_1_0.mpd line 351 
INFO:EDK:4130 - IPNAME: processing_system7, INSTANCE:processing_system7_0 - tcl
   is overriding PARAMETER C_FCLK_CLK2_BUF value to FALSE -
   /opt/Xilinx/14.7/ISE_DS/EDK/hw/XilinxProcessorIPLib/pcores/processing_system7
   _v4_02_a/data/processing_system7_v2_1_0.mpd line 352 
INFO:EDK:4130 - IPNAME: processing_system7, INSTANCE:processing_system7_0 - tcl
   is overriding PARAMETER C_FCLK_CLK3_BUF value to FALSE -
   /opt/Xilinx/14.7/ISE_DS/EDK/hw/XilinxProcessorIPLib/pcores/processing_system7
   _v4_02_a/data/processing_system7_v2_1_0.mpd line 353 

INFO: Setting C_RANGE_CHECK = ON for axi_interconnect axi4lite_0.
INFO:EDK:4130 - IPNAME: axi_interconnect, INSTANCE:axi4lite_0 - tcl is
   overriding PARAMETER C_RANGE_CHECK value to 1 -
   /opt/Xilinx/14.7/ISE_DS/EDK/hw/XilinxProcessorIPLib/pcores/axi_interconnect_v
   1_06_a/data/axi_interconnect_v2_1_0.mpd line 149 

INFO: Setting C_RANGE_CHECK = ON for axi_interconnect axi_interconnect_0.
INFO:EDK:4130 - IPNAME: axi_interconnect, INSTANCE:axi_interconnect_0 - tcl is
   overriding PARAMETER C_RANGE_CHECK value to 1 -
   /opt/Xilinx/14.7/ISE_DS/EDK/hw/XilinxProcessorIPLib/pcores/axi_interconnect_v
   1_06_a/data/axi_interconnect_v2_1_0.mpd line 149 

Running system level update procedures...

Running UPDATE Tcl procedures for OPTION SYSLEVEL_UPDATE_PROC...
ZynqConfig: Terminated for tcl mode

Running system level DRCs...

Performing System level DRCs on properties...

Running DRC Tcl procedures for OPTION SYSLEVEL_DRC_PROC...
ZynqConfig: Terminated for tcl mode

Running UPDATE Tcl procedures for OPTION PLATGEN_SYSLEVEL_UPDATE_PROC...
ZynqConfig: Terminated for tcl mode
INFO: No asynchronous clock conversions in axi_interconnect axi4lite_0.
INFO: No asynchronous clock conversions in axi_interconnect axi_interconnect_0.
INFO: No clock crossing in axi_cdma_0.

Modify defaults ...

Creating stub ...

Processing licensed instances ...
Completion time: 0.00 seconds

Creating hardware output directories ...

Managing hardware (BBD-specified) netlist files ...
IPNAME:axififo INSTANCE:axififo_a -
/home/UNI-KL/voinea/github/msdlib.loopy/modules/AxiFIFO_zed/temp/edk/system.mhs
line 43 - Copying (BBD-specified) netlist files.

Managing cache ...

Elaborating instances ...

Writing HDL for elaborated instances ...

Inserting wrapper level ...
Completion time: 0.00 seconds

Constructing platform-level connectivity ...
ERROR:EDK:4072 - INSTANCE: axi4lite_0, PORT: INTERCONNECT_ARESETN - port is
   driven by a sourceless connector -
   /home/UNI-KL/voinea/github/msdlib.loopy/modules/AxiFIFO_zed/temp/edk/system.m
   hs line 144 
ERROR:EDK:4072 - INSTANCE: axi_interconnect_0, PORT: INTERCONNECT_ARESETN - port
   is driven by a sourceless connector -
   /home/UNI-KL/voinea/github/msdlib.loopy/modules/AxiFIFO_zed/temp/edk/system.m
   hs line 152 
Completion time: 0.00 seconds
ERROR:EDK:440 - platgen failed with errors!
gmake: *** [implementation/system.bmm] Error 2
ERROR:EDK -  
   Error while running "gmake -f system.make bits".
1
XPS% pscgen -mhs system.mhs -expdir /home/UNI-KL/voinea/github/msdlib.loopy/modules/AxiFIFO_zed/temp/sdk/hw
Generating ps7_init code for Si version 1.... 
Generating ps7_init code for Si version 2.... 
Generating ps7_init code for Si version 3.... 
psf2Edward -inp system.xmp -flat_zynq -dont_run_checkhwsys -dont_add_loginfo -make_inst_lower -edwver 1.2 -xml /home/UNI-KL/voinea/github/msdlib.loopy/modules/AxiFIFO_zed/temp/sdk/hw/system.xml 
Release 14.7 - psf2Edward EDK_P.20131013 (lin64)
Copyright (c) 1995-2013 Xilinx, Inc.  All rights reserved.
WARNING:EDK:4092 - IPNAME: processing_system7, INSTANCE: processing_system7_0 -
   Pre-Production version not verified on hardware for architecture 'zynq' -
   /home/UNI-KL/voinea/github/msdlib.loopy/modules/AxiFIFO_zed/temp/edk/system.m
   hs line 52 
WARNING:EDK:4092 - IPNAME: processing_system7, INSTANCE: processing_system7_0 -
   Pre-Production version not verified on hardware for architecture 'zynq' -
   /home/UNI-KL/voinea/github/msdlib.loopy/modules/AxiFIFO_zed/temp/edk/system.m
   hs line 52 
WARNING:EDK:4092 - IPNAME: processing_system7, INSTANCE: processing_system7_0 -
   Pre-Production version not verified on hardware for architecture 'zynq' -
   /home/UNI-KL/voinea/github/msdlib.loopy/modules/AxiFIFO_zed/temp/edk/system.m
   hs line 52 
WARNING:EDK:4092 - IPNAME: processing_system7, INSTANCE: processing_system7_0 -
   Pre-Production version not verified on hardware for architecture 'zynq' -
   /home/UNI-KL/voinea/github/msdlib.loopy/modules/AxiFIFO_zed/temp/edk/system.m
   hs line 52 
WARNING:EDK:2486 - The bitwidth 52 of new value 0xc00000000fe81 is greater than
   32
WARNING:EDK:4131 - IPNAME: ps7_usb_0, PROPERTY: C_INTERCONNECT_M_AXI_BASE_ID -
   Failure in evaluting ISVALID expresion "(C_INCLUDE_DMA == 1)" -
   /opt/Xilinx/14.7/ISE_DS/EDK/data/coremodel/axi/data/tools_axi_v1_01_a.txt
   line 19 
WARNING:EDK:4131 - IPNAME: ps7_usb_0, PROPERTY:
   C_INTERCONNECT_M_AXI_IS_ACLK_ASYNC - Failure in evaluting ISVALID expresion
   "(C_INCLUDE_DMA == 1)" -
   /opt/Xilinx/14.7/ISE_DS/EDK/data/coremodel/axi/data/tools_axi_v1_01_a.txt
   line 20 
WARNING:EDK:4131 - IPNAME: ps7_usb_0, PROPERTY: C_INTERCONNECT_M_AXI_ACLK_RATIO
   - Failure in evaluting ISVALID expresion "(C_INCLUDE_DMA == 1)" -
   /opt/Xilinx/14.7/ISE_DS/EDK/data/coremodel/axi/data/tools_axi_v1_01_a.txt
   line 21 
WARNING:EDK:4131 - IPNAME: ps7_usb_0, PROPERTY:
   C_INTERCONNECT_M_AXI_ARB_PRIORITY - Failure in evaluting ISVALID expresion
   "(C_INCLUDE_DMA == 1)" -
   /opt/Xilinx/14.7/ISE_DS/EDK/data/coremodel/axi/data/tools_axi_v1_01_a.txt
   line 22 
WARNING:EDK:4131 - IPNAME: ps7_usb_0, PROPERTY: C_INTERCONNECT_M_AXI_AW_REGISTER
   - Failure in evaluting ISVALID expresion "(C_INCLUDE_DMA == 1)" -
   /opt/Xilinx/14.7/ISE_DS/EDK/data/coremodel/axi/data/tools_axi_v1_01_a.txt
   line 23 
WARNING:EDK:4131 - IPNAME: ps7_usb_0, PROPERTY: C_INTERCONNECT_M_AXI_AR_REGISTER
   - Failure in evaluting ISVALID expresion "(C_INCLUDE_DMA == 1)" -
   /opt/Xilinx/14.7/ISE_DS/EDK/data/coremodel/axi/data/tools_axi_v1_01_a.txt
   line 24 
WARNING:EDK:4131 - IPNAME: ps7_usb_0, PROPERTY: C_INTERCONNECT_M_AXI_W_REGISTER
   - Failure in evaluting ISVALID expresion "(C_INCLUDE_DMA == 1)" -
   /opt/Xilinx/14.7/ISE_DS/EDK/data/coremodel/axi/data/tools_axi_v1_01_a.txt
   line 25 
WARNING:EDK:4131 - IPNAME: ps7_usb_0, PROPERTY: C_INTERCONNECT_M_AXI_R_REGISTER
   - Failure in evaluting ISVALID expresion "(C_INCLUDE_DMA == 1)" -
   /opt/Xilinx/14.7/ISE_DS/EDK/data/coremodel/axi/data/tools_axi_v1_01_a.txt
   line 26 
WARNING:EDK:4131 - IPNAME: ps7_usb_0, PROPERTY: C_INTERCONNECT_M_AXI_B_REGISTER
   - Failure in evaluting ISVALID expresion "(C_INCLUDE_DMA == 1)" -
   /opt/Xilinx/14.7/ISE_DS/EDK/data/coremodel/axi/data/tools_axi_v1_01_a.txt
   line 27 
WARNING:EDK:4131 - IPNAME: ps7_usb_0, PROPERTY:
   C_INTERCONNECT_M_AXI_WRITE_FIFO_DEPTH - Failure in evaluting ISVALID
   expresion "(C_INCLUDE_DMA == 1)" -
   /opt/Xilinx/14.7/ISE_DS/EDK/data/coremodel/axi/data/tools_axi_v1_01_a.txt
   line 28 
WARNING:EDK:4131 - IPNAME: ps7_usb_0, PROPERTY:
   C_INTERCONNECT_M_AXI_READ_FIFO_DEPTH - Failure in evaluting ISVALID expresion
   "(C_INCLUDE_DMA == 1)" -
   /opt/Xilinx/14.7/ISE_DS/EDK/data/coremodel/axi/data/tools_axi_v1_01_a.txt
   line 29 
WARNING:EDK:4131 - IPNAME: ps7_usb_0, PROPERTY:
   C_INTERCONNECT_M_AXI_WRITE_ISSUING - Failure in evaluting ISVALID expresion
   "(C_INCLUDE_DMA == 1)" -
   /opt/Xilinx/14.7/ISE_DS/EDK/data/coremodel/axi/data/tools_axi_v1_01_a.txt
   line 30 
WARNING:EDK:4131 - IPNAME: ps7_usb_0, PROPERTY:
   C_INTERCONNECT_M_AXI_READ_ISSUING - Failure in evaluting ISVALID expresion
   "(C_INCLUDE_DMA == 1)" -
   /opt/Xilinx/14.7/ISE_DS/EDK/data/coremodel/axi/data/tools_axi_v1_01_a.txt
   line 31 
WARNING:EDK:4131 - IPNAME: ps7_usb_0, PROPERTY: M_AXI_ACLK - Failure in
   evaluting ISVALID expresion "(C_INCLUDE_DMA == 1)" -
   /opt/Xilinx/14.7/ISE_DS/ISE/data/zynqconfig/ps7_internals/pcores/ps7_usb_v1_0
   0_a/data/ps7_usb_v2_1_0.mpd line 119 
WARNING:EDK:4131 - IPNAME: ps7_usb_0, PROPERTY: M_AXI_ARESETN - Failure in
   evaluting ISVALID expresion "(C_INCLUDE_DMA == 1)" -
   /opt/Xilinx/14.7/ISE_DS/ISE/data/zynqconfig/ps7_internals/pcores/ps7_usb_v1_0
   0_a/data/ps7_usb_v2_1_0.mpd line 120 
WARNING:EDK:4131 - IPNAME: ps7_usb_0, PROPERTY: M_AXI_AWID - Failure in
   evaluting ISVALID expresion "(C_INCLUDE_DMA == 1)" -
   /opt/Xilinx/14.7/ISE_DS/ISE/data/zynqconfig/ps7_internals/pcores/ps7_usb_v1_0
   0_a/data/ps7_usb_v2_1_0.mpd line 121 
WARNING:EDK:4131 - IPNAME: ps7_usb_0, PROPERTY: M_AXI_AWADDR - Failure in
   evaluting ISVALID expresion "(C_INCLUDE_DMA == 1)" -
   /opt/Xilinx/14.7/ISE_DS/ISE/data/zynqconfig/ps7_internals/pcores/ps7_usb_v1_0
   0_a/data/ps7_usb_v2_1_0.mpd line 122 
WARNING:EDK:4131 - IPNAME: ps7_usb_0, PROPERTY: M_AXI_AWLEN - Failure in
   evaluting ISVALID expresion "(C_INCLUDE_DMA == 1)" -
   /opt/Xilinx/14.7/ISE_DS/ISE/data/zynqconfig/ps7_internals/pcores/ps7_usb_v1_0
   0_a/data/ps7_usb_v2_1_0.mpd line 123 
WARNING:EDK:4131 - IPNAME: ps7_usb_0, PROPERTY: M_AXI_AWSIZE - Failure in
   evaluting ISVALID expresion "(C_INCLUDE_DMA == 1)" -
   /opt/Xilinx/14.7/ISE_DS/ISE/data/zynqconfig/ps7_internals/pcores/ps7_usb_v1_0
   0_a/data/ps7_usb_v2_1_0.mpd line 124 
WARNING:EDK:4131 - IPNAME: ps7_usb_0, PROPERTY: M_AXI_AWBURST - Failure in
   evaluting ISVALID expresion "(C_INCLUDE_DMA == 1)" -
   /opt/Xilinx/14.7/ISE_DS/ISE/data/zynqconfig/ps7_internals/pcores/ps7_usb_v1_0
   0_a/data/ps7_usb_v2_1_0.mpd line 125 
WARNING:EDK:4131 - IPNAME: ps7_usb_0, PROPERTY: M_AXI_AWCACHE - Failure in
   evaluting ISVALID expresion "(C_INCLUDE_DMA == 1)" -
   /opt/Xilinx/14.7/ISE_DS/ISE/data/zynqconfig/ps7_internals/pcores/ps7_usb_v1_0
   0_a/data/ps7_usb_v2_1_0.mpd line 126 
WARNING:EDK:4131 - IPNAME: ps7_usb_0, PROPERTY: M_AXI_AWPROT - Failure in
   evaluting ISVALID expresion "(C_INCLUDE_DMA == 1)" -
   /opt/Xilinx/14.7/ISE_DS/ISE/data/zynqconfig/ps7_internals/pcores/ps7_usb_v1_0
   0_a/data/ps7_usb_v2_1_0.mpd line 127 
WARNING:EDK:4131 - IPNAME: ps7_usb_0, PROPERTY: M_AXI_AWLOCK - Failure in
   evaluting ISVALID expresion "(C_INCLUDE_DMA == 1)" -
   /opt/Xilinx/14.7/ISE_DS/ISE/data/zynqconfig/ps7_internals/pcores/ps7_usb_v1_0
   0_a/data/ps7_usb_v2_1_0.mpd line 128 
WARNING:EDK:4131 - IPNAME: ps7_usb_0, PROPERTY: M_AXI_AWVALID - Failure in
   evaluting ISVALID expresion "(C_INCLUDE_DMA == 1)" -
   /opt/Xilinx/14.7/ISE_DS/ISE/data/zynqconfig/ps7_internals/pcores/ps7_usb_v1_0
   0_a/data/ps7_usb_v2_1_0.mpd line 129 
WARNING:EDK:4131 - IPNAME: ps7_usb_0, PROPERTY: M_AXI_AWREADY - Failure in
   evaluting ISVALID expresion "(C_INCLUDE_DMA == 1)" -
   /opt/Xilinx/14.7/ISE_DS/ISE/data/zynqconfig/ps7_internals/pcores/ps7_usb_v1_0
   0_a/data/ps7_usb_v2_1_0.mpd line 130 
WARNING:EDK:4131 - IPNAME: ps7_usb_0, PROPERTY: M_AXI_WDATA - Failure in
   evaluting ISVALID expresion "(C_INCLUDE_DMA == 1)" -
   /opt/Xilinx/14.7/ISE_DS/ISE/data/zynqconfig/ps7_internals/pcores/ps7_usb_v1_0
   0_a/data/ps7_usb_v2_1_0.mpd line 131 
WARNING:EDK:4131 - IPNAME: ps7_usb_0, PROPERTY: M_AXI_WSTRB - Failure in
   evaluting ISVALID expresion "(C_INCLUDE_DMA == 1)" -
   /opt/Xilinx/14.7/ISE_DS/ISE/data/zynqconfig/ps7_internals/pcores/ps7_usb_v1_0
   0_a/data/ps7_usb_v2_1_0.mpd line 132 
WARNING:EDK:4131 - IPNAME: ps7_usb_0, PROPERTY: M_AXI_WLAST - Failure in
   evaluting ISVALID expresion "(C_INCLUDE_DMA == 1)" -
   /opt/Xilinx/14.7/ISE_DS/ISE/data/zynqconfig/ps7_internals/pcores/ps7_usb_v1_0
   0_a/data/ps7_usb_v2_1_0.mpd line 133 
WARNING:EDK:4131 - IPNAME: ps7_usb_0, PROPERTY: M_AXI_WVALID - Failure in
   evaluting ISVALID expresion "(C_INCLUDE_DMA == 1)" -
   /opt/Xilinx/14.7/ISE_DS/ISE/data/zynqconfig/ps7_internals/pcores/ps7_usb_v1_0
   0_a/data/ps7_usb_v2_1_0.mpd line 134 
WARNING:EDK:4131 - IPNAME: ps7_usb_0, PROPERTY: M_AXI_WREADY - Failure in
   evaluting ISVALID expresion "(C_INCLUDE_DMA == 1)" -
   /opt/Xilinx/14.7/ISE_DS/ISE/data/zynqconfig/ps7_internals/pcores/ps7_usb_v1_0
   0_a/data/ps7_usb_v2_1_0.mpd line 135 
WARNING:EDK:4131 - IPNAME: ps7_usb_0, PROPERTY: M_AXI_BID - Failure in evaluting
   ISVALID expresion "(C_INCLUDE_DMA == 1)" -
   /opt/Xilinx/14.7/ISE_DS/ISE/data/zynqconfig/ps7_internals/pcores/ps7_usb_v1_0
   0_a/data/ps7_usb_v2_1_0.mpd line 136 
WARNING:EDK:4131 - IPNAME: ps7_usb_0, PROPERTY: M_AXI_BRESP - Failure in
   evaluting ISVALID expresion "(C_INCLUDE_DMA == 1)" -
   /opt/Xilinx/14.7/ISE_DS/ISE/data/zynqconfig/ps7_internals/pcores/ps7_usb_v1_0
   0_a/data/ps7_usb_v2_1_0.mpd line 137 
WARNING:EDK:4131 - IPNAME: ps7_usb_0, PROPERTY: M_AXI_BVALID - Failure in
   evaluting ISVALID expresion "(C_INCLUDE_DMA == 1)" -
   /opt/Xilinx/14.7/ISE_DS/ISE/data/zynqconfig/ps7_internals/pcores/ps7_usb_v1_0
   0_a/data/ps7_usb_v2_1_0.mpd line 138 
WARNING:EDK:4131 - IPNAME: ps7_usb_0, PROPERTY: M_AXI_BREADY - Failure in
   evaluting ISVALID expresion "(C_INCLUDE_DMA == 1)" -
   /opt/Xilinx/14.7/ISE_DS/ISE/data/zynqconfig/ps7_internals/pcores/ps7_usb_v1_0
   0_a/data/ps7_usb_v2_1_0.mpd line 139 
WARNING:EDK:4131 - IPNAME: ps7_usb_0, PROPERTY: M_AXI_ARID - Failure in
   evaluting ISVALID expresion "(C_INCLUDE_DMA == 1)" -
   /opt/Xilinx/14.7/ISE_DS/ISE/data/zynqconfig/ps7_internals/pcores/ps7_usb_v1_0
   0_a/data/ps7_usb_v2_1_0.mpd line 140 
WARNING:EDK:4131 - IPNAME: ps7_usb_0, PROPERTY: M_AXI_ARADDR - Failure in
   evaluting ISVALID expresion "(C_INCLUDE_DMA == 1)" -
   /opt/Xilinx/14.7/ISE_DS/ISE/data/zynqconfig/ps7_internals/pcores/ps7_usb_v1_0
   0_a/data/ps7_usb_v2_1_0.mpd line 141 
WARNING:EDK:4131 - IPNAME: ps7_usb_0, PROPERTY: M_AXI_ARLEN - Failure in
   evaluting ISVALID expresion "(C_INCLUDE_DMA == 1)" -
   /opt/Xilinx/14.7/ISE_DS/ISE/data/zynqconfig/ps7_internals/pcores/ps7_usb_v1_0
   0_a/data/ps7_usb_v2_1_0.mpd line 142 
WARNING:EDK:4131 - IPNAME: ps7_usb_0, PROPERTY: M_AXI_ARSIZE - Failure in
   evaluting ISVALID expresion "(C_INCLUDE_DMA == 1)" -
   /opt/Xilinx/14.7/ISE_DS/ISE/data/zynqconfig/ps7_internals/pcores/ps7_usb_v1_0
   0_a/data/ps7_usb_v2_1_0.mpd line 143 
WARNING:EDK:4131 - IPNAME: ps7_usb_0, PROPERTY: M_AXI_ARBURST - Failure in
   evaluting ISVALID expresion "(C_INCLUDE_DMA == 1)" -
   /opt/Xilinx/14.7/ISE_DS/ISE/data/zynqconfig/ps7_internals/pcores/ps7_usb_v1_0
   0_a/data/ps7_usb_v2_1_0.mpd line 144 
WARNING:EDK:4131 - IPNAME: ps7_usb_0, PROPERTY: M_AXI_ARCACHE - Failure in
   evaluting ISVALID expresion "(C_INCLUDE_DMA == 1)" -
   /opt/Xilinx/14.7/ISE_DS/ISE/data/zynqconfig/ps7_internals/pcores/ps7_usb_v1_0
   0_a/data/ps7_usb_v2_1_0.mpd line 145 
WARNING:EDK:4131 - IPNAME: ps7_usb_0, PROPERTY: M_AXI_ARPROT - Failure in
   evaluting ISVALID expresion "(C_INCLUDE_DMA == 1)" -
   /opt/Xilinx/14.7/ISE_DS/ISE/data/zynqconfig/ps7_internals/pcores/ps7_usb_v1_0
   0_a/data/ps7_usb_v2_1_0.mpd line 146 
WARNING:EDK:4131 - IPNAME: ps7_usb_0, PROPERTY: M_AXI_ARLOCK - Failure in
   evaluting ISVALID expresion "(C_INCLUDE_DMA == 1)" -
   /opt/Xilinx/14.7/ISE_DS/ISE/data/zynqconfig/ps7_internals/pcores/ps7_usb_v1_0
   0_a/data/ps7_usb_v2_1_0.mpd line 147 
WARNING:EDK:4131 - IPNAME: ps7_usb_0, PROPERTY: M_AXI_ARVALID - Failure in
   evaluting ISVALID expresion "(C_INCLUDE_DMA == 1)" -
   /opt/Xilinx/14.7/ISE_DS/ISE/data/zynqconfig/ps7_internals/pcores/ps7_usb_v1_0
   0_a/data/ps7_usb_v2_1_0.mpd line 148 
WARNING:EDK:4131 - IPNAME: ps7_usb_0, PROPERTY: M_AXI_ARREADY - Failure in
   evaluting ISVALID expresion "(C_INCLUDE_DMA == 1)" -
   /opt/Xilinx/14.7/ISE_DS/ISE/data/zynqconfig/ps7_internals/pcores/ps7_usb_v1_0
   0_a/data/ps7_usb_v2_1_0.mpd line 149 
WARNING:EDK:4131 - IPNAME: ps7_usb_0, PROPERTY: M_AXI_RID - Failure in evaluting
   ISVALID expresion "(C_INCLUDE_DMA == 1)" -
   /opt/Xilinx/14.7/ISE_DS/ISE/data/zynqconfig/ps7_internals/pcores/ps7_usb_v1_0
   0_a/data/ps7_usb_v2_1_0.mpd line 150 
WARNING:EDK:4131 - IPNAME: ps7_usb_0, PROPERTY: M_AXI_RDATA - Failure in
   evaluting ISVALID expresion "(C_INCLUDE_DMA == 1)" -
   /opt/Xilinx/14.7/ISE_DS/ISE/data/zynqconfig/ps7_internals/pcores/ps7_usb_v1_0
   0_a/data/ps7_usb_v2_1_0.mpd line 151 
WARNING:EDK:4131 - IPNAME: ps7_usb_0, PROPERTY: M_AXI_RRESP - Failure in
   evaluting ISVALID expresion "(C_INCLUDE_DMA == 1)" -
   /opt/Xilinx/14.7/ISE_DS/ISE/data/zynqconfig/ps7_internals/pcores/ps7_usb_v1_0
   0_a/data/ps7_usb_v2_1_0.mpd line 152 
WARNING:EDK:4131 - IPNAME: ps7_usb_0, PROPERTY: M_AXI_RLAST - Failure in
   evaluting ISVALID expresion "(C_INCLUDE_DMA == 1)" -
   /opt/Xilinx/14.7/ISE_DS/ISE/data/zynqconfig/ps7_internals/pcores/ps7_usb_v1_0
   0_a/data/ps7_usb_v2_1_0.mpd line 153 
WARNING:EDK:4131 - IPNAME: ps7_usb_0, PROPERTY: M_AXI_RVALID - Failure in
   evaluting ISVALID expresion "(C_INCLUDE_DMA == 1)" -
   /opt/Xilinx/14.7/ISE_DS/ISE/data/zynqconfig/ps7_internals/pcores/ps7_usb_v1_0
   0_a/data/ps7_usb_v2_1_0.mpd line 154 
WARNING:EDK:4131 - IPNAME: ps7_usb_0, PROPERTY: M_AXI_RREADY - Failure in
   evaluting ISVALID expresion "(C_INCLUDE_DMA == 1)" -
   /opt/Xilinx/14.7/ISE_DS/ISE/data/zynqconfig/ps7_internals/pcores/ps7_usb_v1_0
   0_a/data/ps7_usb_v2_1_0.mpd line 155 
WARNING:EDK:4131 - IPNAME: ps7_usb_0, PROPERTY: M_AXI - Failure in evaluting
   ISVALID expresion "(C_INCLUDE_DMA == 1)" -
   /opt/Xilinx/14.7/ISE_DS/ISE/data/zynqconfig/ps7_internals/pcores/ps7_usb_v1_0
   0_a/data/ps7_usb_v2_1_0.mpd line 73 
WARNING:EDK:4131 - IPNAME: ps7_qspi_0, PROPERTY: SCK_I - Failure in evaluting
   ISVALID expresion "(C_USE_STARTUP==0)" -
   /opt/Xilinx/14.7/ISE_DS/ISE/data/zynqconfig/ps7_internals/pcores/ps7_qspi_v1_
   00_a/data/ps7_qspi_v2_1_0.mpd line 102 
WARNING:EDK:4131 - IPNAME: ps7_qspi_0, PROPERTY: SCK_O - Failure in evaluting
   ISVALID expresion "(C_USE_STARTUP==0)" -
   /opt/Xilinx/14.7/ISE_DS/ISE/data/zynqconfig/ps7_internals/pcores/ps7_qspi_v1_
   00_a/data/ps7_qspi_v2_1_0.mpd line 103 
WARNING:EDK:4131 - IPNAME: ps7_qspi_0, PROPERTY: SCK_T - Failure in evaluting
   ISVALID expresion "(C_USE_STARTUP==0)" -
   /opt/Xilinx/14.7/ISE_DS/ISE/data/zynqconfig/ps7_internals/pcores/ps7_qspi_v1_
   00_a/data/ps7_qspi_v2_1_0.mpd line 104 
WARNING:EDK:4131 - IPNAME: ps7_qspi_0, PROPERTY: SCK - Failure in evaluting
   ISVALID expresion "(C_USE_STARTUP==0)" -
   /opt/Xilinx/14.7/ISE_DS/ISE/data/zynqconfig/ps7_internals/pcores/ps7_qspi_v1_
   00_a/data/ps7_qspi_v2_1_0.mpd line 122 

Overriding IP level properties ...
WARNING:EDK:4131 - IPNAME: ps7_usb_0, PROPERTY: C_INTERCONNECT_M_AXI_BASE_ID -
   Failure in evaluting ISVALID expresion "(C_INCLUDE_DMA == 1)" -
   /opt/Xilinx/14.7/ISE_DS/EDK/data/coremodel/axi/data/tools_axi_v1_01_a.txt
   line 19 
WARNING:EDK:4131 - IPNAME: ps7_usb_0, PROPERTY:
   C_INTERCONNECT_M_AXI_IS_ACLK_ASYNC - Failure in evaluting ISVALID expresion
   "(C_INCLUDE_DMA == 1)" -
   /opt/Xilinx/14.7/ISE_DS/EDK/data/coremodel/axi/data/tools_axi_v1_01_a.txt
   line 20 
WARNING:EDK:4131 - IPNAME: ps7_usb_0, PROPERTY: C_INTERCONNECT_M_AXI_ACLK_RATIO
   - Failure in evaluting ISVALID expresion "(C_INCLUDE_DMA == 1)" -
   /opt/Xilinx/14.7/ISE_DS/EDK/data/coremodel/axi/data/tools_axi_v1_01_a.txt
   line 21 
WARNING:EDK:4131 - IPNAME: ps7_usb_0, PROPERTY:
   C_INTERCONNECT_M_AXI_ARB_PRIORITY - Failure in evaluting ISVALID expresion
   "(C_INCLUDE_DMA == 1)" -
   /opt/Xilinx/14.7/ISE_DS/EDK/data/coremodel/axi/data/tools_axi_v1_01_a.txt
   line 22 
WARNING:EDK:4131 - IPNAME: ps7_usb_0, PROPERTY: C_INTERCONNECT_M_AXI_AW_REGISTER
   - Failure in evaluting ISVALID expresion "(C_INCLUDE_DMA == 1)" -
   /opt/Xilinx/14.7/ISE_DS/EDK/data/coremodel/axi/data/tools_axi_v1_01_a.txt
   line 23 
WARNING:EDK:4131 - IPNAME: ps7_usb_0, PROPERTY: C_INTERCONNECT_M_AXI_AR_REGISTER
   - Failure in evaluting ISVALID expresion "(C_INCLUDE_DMA == 1)" -
   /opt/Xilinx/14.7/ISE_DS/EDK/data/coremodel/axi/data/tools_axi_v1_01_a.txt
   line 24 
WARNING:EDK:4131 - IPNAME: ps7_usb_0, PROPERTY: C_INTERCONNECT_M_AXI_W_REGISTER
   - Failure in evaluting ISVALID expresion "(C_INCLUDE_DMA == 1)" -
   /opt/Xilinx/14.7/ISE_DS/EDK/data/coremodel/axi/data/tools_axi_v1_01_a.txt
   line 25 
WARNING:EDK:4131 - IPNAME: ps7_usb_0, PROPERTY: C_INTERCONNECT_M_AXI_R_REGISTER
   - Failure in evaluting ISVALID expresion "(C_INCLUDE_DMA == 1)" -
   /opt/Xilinx/14.7/ISE_DS/EDK/data/coremodel/axi/data/tools_axi_v1_01_a.txt
   line 26 
WARNING:EDK:4131 - IPNAME: ps7_usb_0, PROPERTY: C_INTERCONNECT_M_AXI_B_REGISTER
   - Failure in evaluting ISVALID expresion "(C_INCLUDE_DMA == 1)" -
   /opt/Xilinx/14.7/ISE_DS/EDK/data/coremodel/axi/data/tools_axi_v1_01_a.txt
   line 27 
WARNING:EDK:4131 - IPNAME: ps7_usb_0, PROPERTY:
   C_INTERCONNECT_M_AXI_WRITE_FIFO_DEPTH - Failure in evaluting ISVALID
   expresion "(C_INCLUDE_DMA == 1)" -
   /opt/Xilinx/14.7/ISE_DS/EDK/data/coremodel/axi/data/tools_axi_v1_01_a.txt
   line 28 
WARNING:EDK:4131 - IPNAME: ps7_usb_0, PROPERTY:
   C_INTERCONNECT_M_AXI_READ_FIFO_DEPTH - Failure in evaluting ISVALID expresion
   "(C_INCLUDE_DMA == 1)" -
   /opt/Xilinx/14.7/ISE_DS/EDK/data/coremodel/axi/data/tools_axi_v1_01_a.txt
   line 29 
WARNING:EDK:4131 - IPNAME: ps7_usb_0, PROPERTY:
   C_INTERCONNECT_M_AXI_WRITE_ISSUING - Failure in evaluting ISVALID expresion
   "(C_INCLUDE_DMA == 1)" -
   /opt/Xilinx/14.7/ISE_DS/EDK/data/coremodel/axi/data/tools_axi_v1_01_a.txt
   line 30 
WARNING:EDK:4131 - IPNAME: ps7_usb_0, PROPERTY:
   C_INTERCONNECT_M_AXI_READ_ISSUING - Failure in evaluting ISVALID expresion
   "(C_INCLUDE_DMA == 1)" -
   /opt/Xilinx/14.7/ISE_DS/EDK/data/coremodel/axi/data/tools_axi_v1_01_a.txt
   line 31 
WARNING:EDK:4131 - IPNAME: ps7_usb_0, PROPERTY: M_AXI_ACLK - Failure in
   evaluting ISVALID expresion "(C_INCLUDE_DMA == 1)" -
   /opt/Xilinx/14.7/ISE_DS/ISE/data/zynqconfig/ps7_internals/pcores/ps7_usb_v1_0
   0_a/data/ps7_usb_v2_1_0.mpd line 119 
WARNING:EDK:4131 - IPNAME: ps7_usb_0, PROPERTY: M_AXI_ARESETN - Failure in
   evaluting ISVALID expresion "(C_INCLUDE_DMA == 1)" -
   /opt/Xilinx/14.7/ISE_DS/ISE/data/zynqconfig/ps7_internals/pcores/ps7_usb_v1_0
   0_a/data/ps7_usb_v2_1_0.mpd line 120 
WARNING:EDK:4131 - IPNAME: ps7_usb_0, PROPERTY: M_AXI_AWID - Failure in
   evaluting ISVALID expresion "(C_INCLUDE_DMA == 1)" -
   /opt/Xilinx/14.7/ISE_DS/ISE/data/zynqconfig/ps7_internals/pcores/ps7_usb_v1_0
   0_a/data/ps7_usb_v2_1_0.mpd line 121 
WARNING:EDK:4131 - IPNAME: ps7_usb_0, PROPERTY: M_AXI_AWADDR - Failure in
   evaluting ISVALID expresion "(C_INCLUDE_DMA == 1)" -
   /opt/Xilinx/14.7/ISE_DS/ISE/data/zynqconfig/ps7_internals/pcores/ps7_usb_v1_0
   0_a/data/ps7_usb_v2_1_0.mpd line 122 
WARNING:EDK:4131 - IPNAME: ps7_usb_0, PROPERTY: M_AXI_AWLEN - Failure in
   evaluting ISVALID expresion "(C_INCLUDE_DMA == 1)" -
   /opt/Xilinx/14.7/ISE_DS/ISE/data/zynqconfig/ps7_internals/pcores/ps7_usb_v1_0
   0_a/data/ps7_usb_v2_1_0.mpd line 123 
WARNING:EDK:4131 - IPNAME: ps7_usb_0, PROPERTY: M_AXI_AWSIZE - Failure in
   evaluting ISVALID expresion "(C_INCLUDE_DMA == 1)" -
   /opt/Xilinx/14.7/ISE_DS/ISE/data/zynqconfig/ps7_internals/pcores/ps7_usb_v1_0
   0_a/data/ps7_usb_v2_1_0.mpd line 124 
WARNING:EDK:4131 - IPNAME: ps7_usb_0, PROPERTY: M_AXI_AWBURST - Failure in
   evaluting ISVALID expresion "(C_INCLUDE_DMA == 1)" -
   /opt/Xilinx/14.7/ISE_DS/ISE/data/zynqconfig/ps7_internals/pcores/ps7_usb_v1_0
   0_a/data/ps7_usb_v2_1_0.mpd line 125 
WARNING:EDK:4131 - IPNAME: ps7_usb_0, PROPERTY: M_AXI_AWCACHE - Failure in
   evaluting ISVALID expresion "(C_INCLUDE_DMA == 1)" -
   /opt/Xilinx/14.7/ISE_DS/ISE/data/zynqconfig/ps7_internals/pcores/ps7_usb_v1_0
   0_a/data/ps7_usb_v2_1_0.mpd line 126 
WARNING:EDK:4131 - IPNAME: ps7_usb_0, PROPERTY: M_AXI_AWPROT - Failure in
   evaluting ISVALID expresion "(C_INCLUDE_DMA == 1)" -
   /opt/Xilinx/14.7/ISE_DS/ISE/data/zynqconfig/ps7_internals/pcores/ps7_usb_v1_0
   0_a/data/ps7_usb_v2_1_0.mpd line 127 
WARNING:EDK:4131 - IPNAME: ps7_usb_0, PROPERTY: M_AXI_AWLOCK - Failure in
   evaluting ISVALID expresion "(C_INCLUDE_DMA == 1)" -
   /opt/Xilinx/14.7/ISE_DS/ISE/data/zynqconfig/ps7_internals/pcores/ps7_usb_v1_0
   0_a/data/ps7_usb_v2_1_0.mpd line 128 
WARNING:EDK:4131 - IPNAME: ps7_usb_0, PROPERTY: M_AXI_AWVALID - Failure in
   evaluting ISVALID expresion "(C_INCLUDE_DMA == 1)" -
   /opt/Xilinx/14.7/ISE_DS/ISE/data/zynqconfig/ps7_internals/pcores/ps7_usb_v1_0
   0_a/data/ps7_usb_v2_1_0.mpd line 129 
WARNING:EDK:4131 - IPNAME: ps7_usb_0, PROPERTY: M_AXI_AWREADY - Failure in
   evaluting ISVALID expresion "(C_INCLUDE_DMA == 1)" -
   /opt/Xilinx/14.7/ISE_DS/ISE/data/zynqconfig/ps7_internals/pcores/ps7_usb_v1_0
   0_a/data/ps7_usb_v2_1_0.mpd line 130 
WARNING:EDK:4131 - IPNAME: ps7_usb_0, PROPERTY: M_AXI_WDATA - Failure in
   evaluting ISVALID expresion "(C_INCLUDE_DMA == 1)" -
   /opt/Xilinx/14.7/ISE_DS/ISE/data/zynqconfig/ps7_internals/pcores/ps7_usb_v1_0
   0_a/data/ps7_usb_v2_1_0.mpd line 131 
WARNING:EDK:4131 - IPNAME: ps7_usb_0, PROPERTY: M_AXI_WSTRB - Failure in
   evaluting ISVALID expresion "(C_INCLUDE_DMA == 1)" -
   /opt/Xilinx/14.7/ISE_DS/ISE/data/zynqconfig/ps7_internals/pcores/ps7_usb_v1_0
   0_a/data/ps7_usb_v2_1_0.mpd line 132 
WARNING:EDK:4131 - IPNAME: ps7_usb_0, PROPERTY: M_AXI_WLAST - Failure in
   evaluting ISVALID expresion "(C_INCLUDE_DMA == 1)" -
   /opt/Xilinx/14.7/ISE_DS/ISE/data/zynqconfig/ps7_internals/pcores/ps7_usb_v1_0
   0_a/data/ps7_usb_v2_1_0.mpd line 133 
WARNING:EDK:4131 - IPNAME: ps7_usb_0, PROPERTY: M_AXI_WVALID - Failure in
   evaluting ISVALID expresion "(C_INCLUDE_DMA == 1)" -
   /opt/Xilinx/14.7/ISE_DS/ISE/data/zynqconfig/ps7_internals/pcores/ps7_usb_v1_0
   0_a/data/ps7_usb_v2_1_0.mpd line 134 
WARNING:EDK:4131 - IPNAME: ps7_usb_0, PROPERTY: M_AXI_WREADY - Failure in
   evaluting ISVALID expresion "(C_INCLUDE_DMA == 1)" -
   /opt/Xilinx/14.7/ISE_DS/ISE/data/zynqconfig/ps7_internals/pcores/ps7_usb_v1_0
   0_a/data/ps7_usb_v2_1_0.mpd line 135 
WARNING:EDK:4131 - IPNAME: ps7_usb_0, PROPERTY: M_AXI_BID - Failure in evaluting
   ISVALID expresion "(C_INCLUDE_DMA == 1)" -
   /opt/Xilinx/14.7/ISE_DS/ISE/data/zynqconfig/ps7_internals/pcores/ps7_usb_v1_0
   0_a/data/ps7_usb_v2_1_0.mpd line 136 
WARNING:EDK:4131 - IPNAME: ps7_usb_0, PROPERTY: M_AXI_BRESP - Failure in
   evaluting ISVALID expresion "(C_INCLUDE_DMA == 1)" -
   /opt/Xilinx/14.7/ISE_DS/ISE/data/zynqconfig/ps7_internals/pcores/ps7_usb_v1_0
   0_a/data/ps7_usb_v2_1_0.mpd line 137 
WARNING:EDK:4131 - IPNAME: ps7_usb_0, PROPERTY: M_AXI_BVALID - Failure in
   evaluting ISVALID expresion "(C_INCLUDE_DMA == 1)" -
   /opt/Xilinx/14.7/ISE_DS/ISE/data/zynqconfig/ps7_internals/pcores/ps7_usb_v1_0
   0_a/data/ps7_usb_v2_1_0.mpd line 138 
WARNING:EDK:4131 - IPNAME: ps7_usb_0, PROPERTY: M_AXI_BREADY - Failure in
   evaluting ISVALID expresion "(C_INCLUDE_DMA == 1)" -
   /opt/Xilinx/14.7/ISE_DS/ISE/data/zynqconfig/ps7_internals/pcores/ps7_usb_v1_0
   0_a/data/ps7_usb_v2_1_0.mpd line 139 
WARNING:EDK:4131 - IPNAME: ps7_usb_0, PROPERTY: M_AXI_ARID - Failure in
   evaluting ISVALID expresion "(C_INCLUDE_DMA == 1)" -
   /opt/Xilinx/14.7/ISE_DS/ISE/data/zynqconfig/ps7_internals/pcores/ps7_usb_v1_0
   0_a/data/ps7_usb_v2_1_0.mpd line 140 
WARNING:EDK:4131 - IPNAME: ps7_usb_0, PROPERTY: M_AXI_ARADDR - Failure in
   evaluting ISVALID expresion "(C_INCLUDE_DMA == 1)" -
   /opt/Xilinx/14.7/ISE_DS/ISE/data/zynqconfig/ps7_internals/pcores/ps7_usb_v1_0
   0_a/data/ps7_usb_v2_1_0.mpd line 141 
WARNING:EDK:4131 - IPNAME: ps7_usb_0, PROPERTY: M_AXI_ARLEN - Failure in
   evaluting ISVALID expresion "(C_INCLUDE_DMA == 1)" -
   /opt/Xilinx/14.7/ISE_DS/ISE/data/zynqconfig/ps7_internals/pcores/ps7_usb_v1_0
   0_a/data/ps7_usb_v2_1_0.mpd line 142 
WARNING:EDK:4131 - IPNAME: ps7_usb_0, PROPERTY: M_AXI_ARSIZE - Failure in
   evaluting ISVALID expresion "(C_INCLUDE_DMA == 1)" -
   /opt/Xilinx/14.7/ISE_DS/ISE/data/zynqconfig/ps7_internals/pcores/ps7_usb_v1_0
   0_a/data/ps7_usb_v2_1_0.mpd line 143 
WARNING:EDK:4131 - IPNAME: ps7_usb_0, PROPERTY: M_AXI_ARBURST - Failure in
   evaluting ISVALID expresion "(C_INCLUDE_DMA == 1)" -
   /opt/Xilinx/14.7/ISE_DS/ISE/data/zynqconfig/ps7_internals/pcores/ps7_usb_v1_0
   0_a/data/ps7_usb_v2_1_0.mpd line 144 
WARNING:EDK:4131 - IPNAME: ps7_usb_0, PROPERTY: M_AXI_ARCACHE - Failure in
   evaluting ISVALID expresion "(C_INCLUDE_DMA == 1)" -
   /opt/Xilinx/14.7/ISE_DS/ISE/data/zynqconfig/ps7_internals/pcores/ps7_usb_v1_0
   0_a/data/ps7_usb_v2_1_0.mpd line 145 
WARNING:EDK:4131 - IPNAME: ps7_usb_0, PROPERTY: M_AXI_ARPROT - Failure in
   evaluting ISVALID expresion "(C_INCLUDE_DMA == 1)" -
   /opt/Xilinx/14.7/ISE_DS/ISE/data/zynqconfig/ps7_internals/pcores/ps7_usb_v1_0
   0_a/data/ps7_usb_v2_1_0.mpd line 146 
WARNING:EDK:4131 - IPNAME: ps7_usb_0, PROPERTY: M_AXI_ARLOCK - Failure in
   evaluting ISVALID expresion "(C_INCLUDE_DMA == 1)" -
   /opt/Xilinx/14.7/ISE_DS/ISE/data/zynqconfig/ps7_internals/pcores/ps7_usb_v1_0
   0_a/data/ps7_usb_v2_1_0.mpd line 147 
WARNING:EDK:4131 - IPNAME: ps7_usb_0, PROPERTY: M_AXI_ARVALID - Failure in
   evaluting ISVALID expresion "(C_INCLUDE_DMA == 1)" -
   /opt/Xilinx/14.7/ISE_DS/ISE/data/zynqconfig/ps7_internals/pcores/ps7_usb_v1_0
   0_a/data/ps7_usb_v2_1_0.mpd line 148 
WARNING:EDK:4131 - IPNAME: ps7_usb_0, PROPERTY: M_AXI_ARREADY - Failure in
   evaluting ISVALID expresion "(C_INCLUDE_DMA == 1)" -
   /opt/Xilinx/14.7/ISE_DS/ISE/data/zynqconfig/ps7_internals/pcores/ps7_usb_v1_0
   0_a/data/ps7_usb_v2_1_0.mpd line 149 
WARNING:EDK:4131 - IPNAME: ps7_usb_0, PROPERTY: M_AXI_RID - Failure in evaluting
   ISVALID expresion "(C_INCLUDE_DMA == 1)" -
   /opt/Xilinx/14.7/ISE_DS/ISE/data/zynqconfig/ps7_internals/pcores/ps7_usb_v1_0
   0_a/data/ps7_usb_v2_1_0.mpd line 150 
WARNING:EDK:4131 - IPNAME: ps7_usb_0, PROPERTY: M_AXI_RDATA - Failure in
   evaluting ISVALID expresion "(C_INCLUDE_DMA == 1)" -
   /opt/Xilinx/14.7/ISE_DS/ISE/data/zynqconfig/ps7_internals/pcores/ps7_usb_v1_0
   0_a/data/ps7_usb_v2_1_0.mpd line 151 
WARNING:EDK:4131 - IPNAME: ps7_usb_0, PROPERTY: M_AXI_RRESP - Failure in
   evaluting ISVALID expresion "(C_INCLUDE_DMA == 1)" -
   /opt/Xilinx/14.7/ISE_DS/ISE/data/zynqconfig/ps7_internals/pcores/ps7_usb_v1_0
   0_a/data/ps7_usb_v2_1_0.mpd line 152 
WARNING:EDK:4131 - IPNAME: ps7_usb_0, PROPERTY: M_AXI_RLAST - Failure in
   evaluting ISVALID expresion "(C_INCLUDE_DMA == 1)" -
   /opt/Xilinx/14.7/ISE_DS/ISE/data/zynqconfig/ps7_internals/pcores/ps7_usb_v1_0
   0_a/data/ps7_usb_v2_1_0.mpd line 153 
WARNING:EDK:4131 - IPNAME: ps7_usb_0, PROPERTY: M_AXI_RVALID - Failure in
   evaluting ISVALID expresion "(C_INCLUDE_DMA == 1)" -
   /opt/Xilinx/14.7/ISE_DS/ISE/data/zynqconfig/ps7_internals/pcores/ps7_usb_v1_0
   0_a/data/ps7_usb_v2_1_0.mpd line 154 
WARNING:EDK:4131 - IPNAME: ps7_usb_0, PROPERTY: M_AXI_RREADY - Failure in
   evaluting ISVALID expresion "(C_INCLUDE_DMA == 1)" -
   /opt/Xilinx/14.7/ISE_DS/ISE/data/zynqconfig/ps7_internals/pcores/ps7_usb_v1_0
   0_a/data/ps7_usb_v2_1_0.mpd line 155 
WARNING:EDK:4131 - IPNAME: ps7_usb_0, PROPERTY: M_AXI - Failure in evaluting
   ISVALID expresion "(C_INCLUDE_DMA == 1)" -
   /opt/Xilinx/14.7/ISE_DS/ISE/data/zynqconfig/ps7_internals/pcores/ps7_usb_v1_0
   0_a/data/ps7_usb_v2_1_0.mpd line 73 
WARNING:EDK:4131 - IPNAME: ps7_qspi_0, PROPERTY: SCK_I - Failure in evaluting
   ISVALID expresion "(C_USE_STARTUP==0)" -
   /opt/Xilinx/14.7/ISE_DS/ISE/data/zynqconfig/ps7_internals/pcores/ps7_qspi_v1_
   00_a/data/ps7_qspi_v2_1_0.mpd line 102 
WARNING:EDK:4131 - IPNAME: ps7_qspi_0, PROPERTY: SCK_O - Failure in evaluting
   ISVALID expresion "(C_USE_STARTUP==0)" -
   /opt/Xilinx/14.7/ISE_DS/ISE/data/zynqconfig/ps7_internals/pcores/ps7_qspi_v1_
   00_a/data/ps7_qspi_v2_1_0.mpd line 103 
WARNING:EDK:4131 - IPNAME: ps7_qspi_0, PROPERTY: SCK_T - Failure in evaluting
   ISVALID expresion "(C_USE_STARTUP==0)" -
   /opt/Xilinx/14.7/ISE_DS/ISE/data/zynqconfig/ps7_internals/pcores/ps7_qspi_v1_
   00_a/data/ps7_qspi_v2_1_0.mpd line 104 
WARNING:EDK:4131 - IPNAME: ps7_qspi_0, PROPERTY: SCK - Failure in evaluting
   ISVALID expresion "(C_USE_STARTUP==0)" -
   /opt/Xilinx/14.7/ISE_DS/ISE/data/zynqconfig/ps7_internals/pcores/ps7_qspi_v1_
   00_a/data/ps7_qspi_v2_1_0.mpd line 122 

Computing clock values...

Performing IP level DRCs on properties...

Running DRC Tcl procedures for OPTION IPLEVEL_DRC_PROC...
Address Map for Processor ps7_cortexa9_0
  (0000000000-0x0002ffff) ps7_ram_0	ps7_axi_interconnect_0
  (0x00100000-0x1fffffff) ps7_ddr_0	ps7_axi_interconnect_0
  (0x40020000-0x4002ffff) axi_cdma_0	ps7_axi_interconnect_0->axi4lite_0
  (0xe0001000-0xe0001fff) ps7_uart_1	ps7_axi_interconnect_0
  (0xe0002000-0xe0002fff) ps7_usb_0	ps7_axi_interconnect_0
  (0xe000a000-0xe000afff) ps7_gpio_0	ps7_axi_interconnect_0
  (0xe000b000-0xe000bfff) ps7_ethernet_0	ps7_axi_interconnect_0
  (0xe000d000-0xe000dfff) ps7_qspi_0	ps7_axi_interconnect_0
  (0xe0100000-0xe0100fff) ps7_sd_0	ps7_axi_interconnect_0
  (0xe0200000-0xe0200fff) ps7_iop_bus_config_0	ps7_axi_interconnect_0
  (0xf8000000-0xf8000fff) ps7_slcr_0	ps7_axi_interconnect_0
  (0xf8001000-0xf8001fff) ps7_ttc_0	ps7_axi_interconnect_0
  (0xf8003000-0xf8003fff) ps7_dma_s	ps7_axi_interconnect_0
  (0xf8004000-0xf8004fff) ps7_dma_ns	ps7_axi_interconnect_0
  (0xf8006000-0xf8006fff) ps7_ddrc_0	ps7_axi_interconnect_0
  (0xf8007000-0xf80070ff) ps7_dev_cfg_0	ps7_axi_interconnect_0
  (0xf8007100-0xf8007120) ps7_xadc_0	ps7_axi_interconnect_0
  (0xf8008000-0xf8008fff) ps7_afi_0	ps7_axi_interconnect_0
  (0xf8009000-0xf8009fff) ps7_afi_1	ps7_axi_interconnect_0
  (0xf800a000-0xf800afff) ps7_afi_2	ps7_axi_interconnect_0
  (0xf800b000-0xf800bfff) ps7_afi_3	ps7_axi_interconnect_0
  (0xf800c000-0xf800cfff) ps7_ocmc_0	ps7_axi_interconnect_0
  (0xf8800000-0xf88fffff) ps7_coresight_comp_0	ps7_axi_interconnect_0
  (0xf8900000-0xf89fffff) ps7_gpv_0	ps7_axi_interconnect_0
  (0xf8f00000-0xf8f000fc) ps7_scuc_0	ps7_axi_interconnect_0
  (0xf8f00100-0xf8f001ff) ps7_scugic_0	ps7_axi_interconnect_0
  (0xf8f00200-0xf8f002ff) ps7_globaltimer_0	ps7_axi_interconnect_0
  (0xf8f00600-0xf8f0061f) ps7_scutimer_0	ps7_axi_interconnect_0
  (0xf8f00620-0xf8f006ff) ps7_scuwdt_0	ps7_axi_interconnect_0
  (0xf8f01000-0xf8f01fff) ps7_intc_dist_0	ps7_axi_interconnect_0
  (0xf8f02000-0xf8f02fff) ps7_l2cachec_0	ps7_axi_interconnect_0
  (0xfc000000-0xfcffffff) ps7_qspi_linear_0	ps7_axi_interconnect_0
  (0xffff0000-0xfffffdff) ps7_ram_1	ps7_axi_interconnect_0
Address Map for Processor ps7_cortexa9_1
  (0000000000-0x0002ffff) ps7_ram_0	ps7_axi_interconnect_0
  (0x00100000-0x1fffffff) ps7_ddr_0	ps7_axi_interconnect_0
  (0x40020000-0x4002ffff) axi_cdma_0	ps7_axi_interconnect_0->axi4lite_0
  (0xe0001000-0xe0001fff) ps7_uart_1	ps7_axi_interconnect_0
  (0xe0002000-0xe0002fff) ps7_usb_0	ps7_axi_interconnect_0
  (0xe000a000-0xe000afff) ps7_gpio_0	ps7_axi_interconnect_0
  (0xe000b000-0xe000bfff) ps7_ethernet_0	ps7_axi_interconnect_0
  (0xe000d000-0xe000dfff) ps7_qspi_0	ps7_axi_interconnect_0
  (0xe0100000-0xe0100fff) ps7_sd_0	ps7_axi_interconnect_0
  (0xe0200000-0xe0200fff) ps7_iop_bus_config_0	ps7_axi_interconnect_0
  (0xf8000000-0xf8000fff) ps7_slcr_0	ps7_axi_interconnect_0
  (0xf8001000-0xf8001fff) ps7_ttc_0	ps7_axi_interconnect_0
  (0xf8003000-0xf8003fff) ps7_dma_s	ps7_axi_interconnect_0
  (0xf8004000-0xf8004fff) ps7_dma_ns	ps7_axi_interconnect_0
  (0xf8006000-0xf8006fff) ps7_ddrc_0	ps7_axi_interconnect_0
  (0xf8007000-0xf80070ff) ps7_dev_cfg_0	ps7_axi_interconnect_0
  (0xf8007100-0xf8007120) ps7_xadc_0	ps7_axi_interconnect_0
  (0xf8008000-0xf8008fff) ps7_afi_0	ps7_axi_interconnect_0
  (0xf8009000-0xf8009fff) ps7_afi_1	ps7_axi_interconnect_0
  (0xf800a000-0xf800afff) ps7_afi_2	ps7_axi_interconnect_0
  (0xf800b000-0xf800bfff) ps7_afi_3	ps7_axi_interconnect_0
  (0xf800c000-0xf800cfff) ps7_ocmc_0	ps7_axi_interconnect_0
  (0xf8800000-0xf88fffff) ps7_coresight_comp_0	ps7_axi_interconnect_0
  (0xf8900000-0xf89fffff) ps7_gpv_0	ps7_axi_interconnect_0
  (0xf8f00000-0xf8f000fc) ps7_scuc_0	ps7_axi_interconnect_0
  (0xf8f00100-0xf8f001ff) ps7_scugic_0	ps7_axi_interconnect_0
  (0xf8f00200-0xf8f002ff) ps7_globaltimer_0	ps7_axi_interconnect_0
  (0xf8f00600-0xf8f0061f) ps7_scutimer_0	ps7_axi_interconnect_0
  (0xf8f00620-0xf8f006ff) ps7_scuwdt_0	ps7_axi_interconnect_0
  (0xf8f01000-0xf8f01fff) ps7_intc_dist_0	ps7_axi_interconnect_0
  (0xf8f02000-0xf8f02fff) ps7_l2cachec_0	ps7_axi_interconnect_0
  (0xfc000000-0xfcffffff) ps7_qspi_linear_0	ps7_axi_interconnect_0
  (0xffff0000-0xfffffdff) ps7_ram_1	ps7_axi_interconnect_0

Checking platform address map ...
Conversion to XML complete.
xdsgen -inp system.xmp -report /home/UNI-KL/voinea/github/msdlib.loopy/modules/AxiFIFO_zed/temp/sdk/hw/system.html  -make_docs_local
Release 14.7 - xdsgen EDK_P.20131013 (lin64)
Copyright (c) 1995-2013 Xilinx, Inc.  All rights reserved.
WARNING:EDK:4092 - IPNAME: processing_system7, INSTANCE: processing_system7_0 -
   Pre-Production version not verified on hardware for architecture 'zynq' -
   /home/UNI-KL/voinea/github/msdlib.loopy/modules/AxiFIFO_zed/temp/edk/system.m
   hs line 52 
WARNING:EDK:878 - Could not find IP doc
   http://www.xilinx.com/cgi-bin/docs/ipdoc?c=axi_interconnect;v=v1_06_a;d=ds768
   _axi_interconnect.pdf
WARNING:EDK:878 - Could not find IP doc
   http://www.xilinx.com/cgi-bin/docs/ipdoc?c=axi_interconnect;v=v1_06_a;d=ds768
   _axi_interconnect.pdf
WARNING:EDK:878 - Could not find IP doc
   http://www.xilinx.com/cgi-bin/docs/ipdoc?c=axi_cdma;v=v3_04_a;d=pg034_axi_cdm
   a.pdf
Generated Block Diagram.
Rasterizing axi_fifo_mm_s_0.jpg.....
Rasterizing axififo_a.jpg.....
Rasterizing processing_system7_0.jpg.....
Rasterizing axi4lite_0.jpg.....
Rasterizing axi_interconnect_0.jpg.....
Rasterizing axi_cdma_0.jpg.....
Rasterizing system_blkd.jpg.....
Report generated.
Report generation completed.
****************************************************
Creating system netlist for hardware specification..
****************************************************
platgen -p xc7z020clg484-1 -lang vhdl -intstyle default    -msg __xps/ise/xmsgprops.lst -parallel yes system.mhs

Release 14.7 - platgen Xilinx EDK 14.7 Build EDK_P.20131013
 (lin64)
Copyright (c) 1995-2013 Xilinx, Inc.  All rights reserved.


Command Line: platgen -p xc7z020clg484-1 -lang vhdl -intstyle default -msg
__xps/ise/xmsgprops.lst -parallel yes system.mhs 

WARNING:EDK - INFO:Security:50 - The XILINXD_LICENSE_FILE environment variable
   is set to '1770@sambuka:1770@sambuka:'.
   INFO:Security:53 - The LM_LICENSE_FILE environment variable is not set.
   INFO:Security:71 - If a license for part 'xc7z020' is available, it will be
   possible to use 'XPS_TDP' instead of 'XPS'.
   WARNING:Security:43 - No license file was found in the standard Xilinx
   license directory.
   WARNING:Security:44 - Since no license file was found,
          please run the Xilinx License Configuration Manager
          (xlcm or "Manage Xilinx Licenses")
          to assist in obtaining a license.
   WARNING:Security:42 - Your software subscription period has lapsed. Your
   current version of Xilinx tools will continue to function, but you no longer
   qualify for Xilinx software updates or new releases.


Parse
/home/UNI-KL/voinea/github/msdlib.loopy/modules/AxiFIFO_zed/temp/edk/system.mhs
...

Read MPD definitions ...
WARNING:EDK:4092 - IPNAME: processing_system7, INSTANCE: processing_system7_0 -
   Pre-Production version not verified on hardware for architecture 'zynq' -
   /home/UNI-KL/voinea/github/msdlib.loopy/modules/AxiFIFO_zed/temp/edk/system.m
   hs line 52 
WARNING:EDK:4092 - IPNAME: processing_system7, INSTANCE: processing_system7_0 -
   Pre-Production version not verified on hardware for architecture 'zynq' -
   /home/UNI-KL/voinea/github/msdlib.loopy/modules/AxiFIFO_zed/temp/edk/system.m
   hs line 52 

Overriding IP level properties ...
INFO:EDK:4130 - IPNAME: processing_system7, INSTANCE:processing_system7_0 - tcl
   is overriding PARAMETER C_S_AXI_HP0_HIGHADDR value to 0x1FFFFFFF -
   /opt/Xilinx/14.7/ISE_DS/EDK/hw/XilinxProcessorIPLib/pcores/processing_system7
   _v4_02_a/data/processing_system7_v2_1_0.mpd line 300 
INFO:EDK:4130 - IPNAME: processing_system7, INSTANCE:processing_system7_0 - tcl
   is overriding PARAMETER C_S_AXI_HP1_HIGHADDR value to 0x1FFFFFFF -
   /opt/Xilinx/14.7/ISE_DS/EDK/hw/XilinxProcessorIPLib/pcores/processing_system7
   _v4_02_a/data/processing_system7_v2_1_0.mpd line 304 
INFO:EDK:4130 - IPNAME: processing_system7, INSTANCE:processing_system7_0 - tcl
   is overriding PARAMETER C_S_AXI_HP2_HIGHADDR value to 0x1FFFFFFF -
   /opt/Xilinx/14.7/ISE_DS/EDK/hw/XilinxProcessorIPLib/pcores/processing_system7
   _v4_02_a/data/processing_system7_v2_1_0.mpd line 308 
INFO:EDK:4130 - IPNAME: processing_system7, INSTANCE:processing_system7_0 - tcl
   is overriding PARAMETER C_S_AXI_HP3_HIGHADDR value to 0x1FFFFFFF -
   /opt/Xilinx/14.7/ISE_DS/EDK/hw/XilinxProcessorIPLib/pcores/processing_system7
   _v4_02_a/data/processing_system7_v2_1_0.mpd line 312 
INFO:EDK:4130 - IPNAME: axi_interconnect, INSTANCE:axi4lite_0 - tcl is
   overriding PARAMETER C_BASEFAMILY value to zynq -
   /opt/Xilinx/14.7/ISE_DS/EDK/hw/XilinxProcessorIPLib/pcores/axi_interconnect_v
   1_06_a/data/axi_interconnect_v2_1_0.mpd line 81 
INFO:EDK:4130 - IPNAME: axi_interconnect, INSTANCE:axi_interconnect_0 - tcl is
   overriding PARAMETER C_BASEFAMILY value to zynq -
   /opt/Xilinx/14.7/ISE_DS/EDK/hw/XilinxProcessorIPLib/pcores/axi_interconnect_v
   1_06_a/data/axi_interconnect_v2_1_0.mpd line 81 
INFO:EDK:4130 - IPNAME: axi_cdma, INSTANCE:axi_cdma_0 - tcl is overriding
   PARAMETER C_INTERCONNECT_M_AXI_WRITE_ISSUING value to 8 -
   /opt/Xilinx/14.7/ISE_DS/EDK/hw/XilinxProcessorIPLib/pcores/axi_cdma_v3_04_a/d
   ata/axi_cdma_v2_1_0.mpd line 119 
INFO:EDK:4130 - IPNAME: axi_cdma, INSTANCE:axi_cdma_0 - tcl is overriding
   PARAMETER C_INTERCONNECT_M_AXI_READ_ISSUING value to 8 -
   /opt/Xilinx/14.7/ISE_DS/EDK/hw/XilinxProcessorIPLib/pcores/axi_cdma_v3_04_a/d
   ata/axi_cdma_v2_1_0.mpd line 117 

Computing clock values...
INFO:EDK:1432 - Frequency for Top-Level Input Clock
   'processing_system7_0_PS_CLK' is not specified. Clock DRCs will not be
   performed for IPs connected to that clock port, unless they are connected
   through the clock generator IP. 


Performing IP level DRCs on properties...

Running DRC Tcl procedures for OPTION IPLEVEL_DRC_PROC...
INFO:EDK - INFO: DDR Base and High address in current configuration is
   0x00000000 and 0x1FFFFFFF respectively. 
INFO:EDK - INFO: You can modify the DDR address range accessed by Programmable
   Logic through the processing_system7 AXI slave interfaces. If MicroBlaze is a
   master on processing_system7 AXI slave interfaces, please use the top half of
   the address range (Base Address = 0x10000000; High Address = 0x1FFFFFFF). For
   all other master, any subset of the DDR address can be used. See Xilinx
   Answer 47167 for more information. 
Address Map for Processor processing_system7_0
  (0x40020000-0x4002ffff) axi_cdma_0	axi4lite_0

Checking platform address map ...

Checking platform configuration ...
IPNAME: axi_interconnect, INSTANCE: axi4lite_0 - 1 master(s) : 1 slave(s) 
IPNAME: axi_interconnect, INSTANCE: axi_interconnect_0 - 1 master(s) : 2
slave(s) 
WARNING:EDK:3977 - AXI4LITE protocol type BUSIF: S_AXI of IPINSTANCE:
   axi_fifo_mm_s_0  connected with AXI4 type BUSIF: M_AXI of IPINSTANCE:
   axi_cdma_0.

Checking port drivers...
WARNING:EDK:4180 - PORT: AXI_STR_TXD_ACLK, CONNECTOR: M0_AXIS_ACLK - No driver
   found. Port will be driven to VCC -
   /opt/Xilinx/14.7/ISE_DS/EDK/hw/XilinxProcessorIPLib/pcores/axi_fifo_mm_s_v3_0
   0_a/data/axi_fifo_mm_s_v2_1_0.mpd line 166 
WARNING:EDK:4180 - PORT: AXI_STR_RXD_ACLK, CONNECTOR: S0_AXIS_ACLK - No driver
   found. Port will be driven to VCC -
   /opt/Xilinx/14.7/ISE_DS/EDK/hw/XilinxProcessorIPLib/pcores/axi_fifo_mm_s_v3_0
   0_a/data/axi_fifo_mm_s_v2_1_0.mpd line 174 
WARNING:EDK:4180 - PORT: AXI_STR_RXD_TKEEP, CONNECTOR: S0_AXIS_TKEEP - No driver
   found. Port will be driven to GND -
   /opt/Xilinx/14.7/ISE_DS/EDK/hw/XilinxProcessorIPLib/pcores/axi_fifo_mm_s_v3_0
   0_a/data/axi_fifo_mm_s_v2_1_0.mpd line 179 
WARNING:EDK:4180 - PORT: AXI_STR_RXD_TDEST, CONNECTOR: S0_AXIS_TDEST - No driver
   found. Port will be driven to GND -
   /opt/Xilinx/14.7/ISE_DS/EDK/hw/XilinxProcessorIPLib/pcores/axi_fifo_mm_s_v3_0
   0_a/data/axi_fifo_mm_s_v2_1_0.mpd line 180 
WARNING:EDK:4181 - PORT: mm2s_prmry_reset_out_n, CONNECTOR: M0_AXIS_ARESETN -
   floating connection -
   /opt/Xilinx/14.7/ISE_DS/EDK/hw/XilinxProcessorIPLib/pcores/axi_fifo_mm_s_v3_0
   0_a/data/axi_fifo_mm_s_v2_1_0.mpd line 167 
WARNING:EDK:4181 - PORT: AXI_STR_TXD_TKEEP, CONNECTOR: M0_AXIS_TKEEP - floating
   connection -
   /opt/Xilinx/14.7/ISE_DS/EDK/hw/XilinxProcessorIPLib/pcores/axi_fifo_mm_s_v3_0
   0_a/data/axi_fifo_mm_s_v2_1_0.mpd line 171 
WARNING:EDK:4181 - PORT: AXI_STR_TXD_TDEST, CONNECTOR: M0_AXIS_TDEST - floating
   connection -
   /opt/Xilinx/14.7/ISE_DS/EDK/hw/XilinxProcessorIPLib/pcores/axi_fifo_mm_s_v3_0
   0_a/data/axi_fifo_mm_s_v2_1_0.mpd line 172 
WARNING:EDK:4181 - PORT: s2mm_prmry_reset_out_n, CONNECTOR: S0_AXIS_ARESETN -
   floating connection -
   /opt/Xilinx/14.7/ISE_DS/EDK/hw/XilinxProcessorIPLib/pcores/axi_fifo_mm_s_v3_0
   0_a/data/axi_fifo_mm_s_v2_1_0.mpd line 175 
WARNING:EDK:4181 - PORT: cdma_introut, CONNECTOR: axi_cdma_0_cdma_introut -
   floating connection -
   /home/UNI-KL/voinea/github/msdlib.loopy/modules/AxiFIFO_zed/temp/edk/system.m
   hs line 171 

Performing Clock DRCs...

Performing Reset DRCs...

Overriding system level properties...
INFO:EDK:4130 - IPNAME: processing_system7, INSTANCE:processing_system7_0 - tcl
   is overriding PARAMETER C_FCLK_CLK1_BUF value to FALSE -
   /opt/Xilinx/14.7/ISE_DS/EDK/hw/XilinxProcessorIPLib/pcores/processing_system7
   _v4_02_a/data/processing_system7_v2_1_0.mpd line 351 
INFO:EDK:4130 - IPNAME: processing_system7, INSTANCE:processing_system7_0 - tcl
   is overriding PARAMETER C_FCLK_CLK2_BUF value to FALSE -
   /opt/Xilinx/14.7/ISE_DS/EDK/hw/XilinxProcessorIPLib/pcores/processing_system7
   _v4_02_a/data/processing_system7_v2_1_0.mpd line 352 
INFO:EDK:4130 - IPNAME: processing_system7, INSTANCE:processing_system7_0 - tcl
   is overriding PARAMETER C_FCLK_CLK3_BUF value to FALSE -
   /opt/Xilinx/14.7/ISE_DS/EDK/hw/XilinxProcessorIPLib/pcores/processing_system7
   _v4_02_a/data/processing_system7_v2_1_0.mpd line 353 

INFO: Setting C_RANGE_CHECK = ON for axi_interconnect axi4lite_0.
INFO:EDK:4130 - IPNAME: axi_interconnect, INSTANCE:axi4lite_0 - tcl is
   overriding PARAMETER C_RANGE_CHECK value to 1 -
   /opt/Xilinx/14.7/ISE_DS/EDK/hw/XilinxProcessorIPLib/pcores/axi_interconnect_v
   1_06_a/data/axi_interconnect_v2_1_0.mpd line 149 

INFO: Setting C_RANGE_CHECK = ON for axi_interconnect axi_interconnect_0.
INFO:EDK:4130 - IPNAME: axi_interconnect, INSTANCE:axi_interconnect_0 - tcl is
   overriding PARAMETER C_RANGE_CHECK value to 1 -
   /opt/Xilinx/14.7/ISE_DS/EDK/hw/XilinxProcessorIPLib/pcores/axi_interconnect_v
   1_06_a/data/axi_interconnect_v2_1_0.mpd line 149 

Running system level update procedures...

Running UPDATE Tcl procedures for OPTION SYSLEVEL_UPDATE_PROC...
ZynqConfig: Terminated for tcl mode

Running system level DRCs...

Performing System level DRCs on properties...

Running DRC Tcl procedures for OPTION SYSLEVEL_DRC_PROC...
ZynqConfig: Terminated for tcl mode

Running UPDATE Tcl procedures for OPTION PLATGEN_SYSLEVEL_UPDATE_PROC...
ZynqConfig: Terminated for tcl mode
INFO: No asynchronous clock conversions in axi_interconnect axi4lite_0.
INFO: No asynchronous clock conversions in axi_interconnect axi_interconnect_0.
INFO: No clock crossing in axi_cdma_0.

Modify defaults ...

Creating stub ...

Processing licensed instances ...
Completion time: 0.00 seconds

Creating hardware output directories ...

Managing hardware (BBD-specified) netlist files ...
IPNAME:axififo INSTANCE:axififo_a -
/home/UNI-KL/voinea/github/msdlib.loopy/modules/AxiFIFO_zed/temp/edk/system.mhs
line 43 - Copying (BBD-specified) netlist files.

Managing cache ...

Elaborating instances ...

Writing HDL for elaborated instances ...

Inserting wrapper level ...
Completion time: 0.00 seconds

Constructing platform-level connectivity ...
ERROR:EDK:4072 - INSTANCE: axi4lite_0, PORT: INTERCONNECT_ARESETN - port is
   driven by a sourceless connector -
   /home/UNI-KL/voinea/github/msdlib.loopy/modules/AxiFIFO_zed/temp/edk/system.m
   hs line 144 
ERROR:EDK:4072 - INSTANCE: axi_interconnect_0, PORT: INTERCONNECT_ARESETN - port
   is driven by a sourceless connector -
   /home/UNI-KL/voinea/github/msdlib.loopy/modules/AxiFIFO_zed/temp/edk/system.m
   hs line 152 
Completion time: 1.00 seconds
ERROR:EDK:440 - platgen failed with errors!
gmake: *** [implementation/system.bmm] Error 2
ERROR:EDK -  
   Error while running "gmake -f system.make exporttosdk".
1
XPS% 
